{"/Users/liyang/Documents/self/juejin-component-library-of-vite/jest/add.js": {"path":"/Users/liyang/Documents/self/juejin-component-library-of-vite/jest/add.js","statementMap":{"0":{"start":{"line":1,"column":12},"end":{"line":1,"column":27}},"1":{"start":{"line":1,"column":22},"end":{"line":1,"column":27}},"2":{"start":{"line":2,"column":0},"end":{"line":2,"column":21}}},"fnMap":{"0":{"name":"(anonymous_0)","decl":{"start":{"line":1,"column":12},"end":{"line":1,"column":13}},"loc":{"start":{"line":1,"column":22},"end":{"line":1,"column":27}},"line":1}},"branchMap":{},"s":{"0":1,"1":2,"2":1},"f":{"0":2},"b":{},"_coverageSchema":"1a1c01bbd47fc00a2c39e90264f33305004495a9","hash":"ee904001e91bc771e35ff7eca5e39aaa8aac4eaa"}
,"/Users/liyang/Documents/self/juejin-component-library-of-vite/jest/dom.js": {"path":"/Users/liyang/Documents/self/juejin-component-library-of-vite/jest/dom.js","statementMap":{"0":{"start":{"line":1,"column":0},"end":{"line":5,"column":2}},"1":{"start":{"line":2,"column":14},"end":{"line":2,"column":43}},"2":{"start":{"line":3,"column":2},"end":{"line":3,"column":23}},"3":{"start":{"line":4,"column":2},"end":{"line":4,"column":33}}},"fnMap":{"0":{"name":"(anonymous_0)","decl":{"start":{"line":1,"column":22},"end":{"line":1,"column":23}},"loc":{"start":{"line":1,"column":28},"end":{"line":5,"column":1}},"line":1}},"branchMap":{},"s":{"0":1,"1":1,"2":1,"3":1},"f":{"0":1},"b":{},"_coverageSchema":"1a1c01bbd47fc00a2c39e90264f33305004495a9","hash":"b14aa9adffc18b66aeaaaf3b0969c53d7696a8ab"}
,"/Users/liyang/Documents/self/juejin-component-library-of-vite/jest/fetch.js": {"path":"/Users/liyang/Documents/self/juejin-component-library-of-vite/jest/fetch.js","statementMap":{"0":{"start":{"line":1,"column":14},"end":{"line":1,"column":30}},"1":{"start":{"line":2,"column":0},"end":{"line":2,"column":45}},"2":{"start":{"line":2,"column":24},"end":{"line":2,"column":45}}},"fnMap":{"0":{"name":"(anonymous_0)","decl":{"start":{"line":2,"column":18},"end":{"line":2,"column":19}},"loc":{"start":{"line":2,"column":24},"end":{"line":2,"column":45}},"line":2}},"branchMap":{},"s":{"0":1,"1":1,"2":2},"f":{"0":2},"b":{},"_coverageSchema":"1a1c01bbd47fc00a2c39e90264f33305004495a9","hash":"8d5d615f2a5ff67aa2f756e8fb119061b53c4a5b"}
,"/Users/liyang/Documents/self/juejin-component-library-of-vite/jest/jsdom-config.js": {"path":"/Users/liyang/Documents/self/juejin-component-library-of-vite/jest/jsdom-config.js","statementMap":{"0":{"start":{"line":1,"column":14},"end":{"line":1,"column":30}},"1":{"start":{"line":2,"column":18},"end":{"line":2,"column":23}},"2":{"start":{"line":4,"column":12},"end":{"line":11,"column":2}},"3":{"start":{"line":12,"column":0},"end":{"line":12,"column":26}},"4":{"start":{"line":13,"column":0},"end":{"line":13,"column":33}},"5":{"start":{"line":14,"column":0},"end":{"line":14,"column":35}}},"fnMap":{},"branchMap":{},"s":{"0":1,"1":1,"2":1,"3":1,"4":1,"5":1},"f":{},"b":{},"_coverageSchema":"1a1c01bbd47fc00a2c39e90264f33305004495a9","hash":"d7280176dade35d1f261826432335797428f87a0"}
}
